app/build/intermediates/manifest_merge_blame_file/release/manifest-merger-blame-release-report.txt
1<?xml version="1.0" encoding="utf-8"?>
2<manifest xmlns:android="http://schemas.android.com/apk/res/android"
3    package="com.shree.app"
4    android:versionCode="10"
5    android:versionName="2.1" >
6
7    <uses-sdk
8        android:minSdkVersion="21"
8-->src\main\AndroidManifest.xml
9        android:targetSdkVersion="29" />
9-->src\main\AndroidManifest.xml
10
11    <uses-feature
11-->src\main\AndroidManifest.xml:73:5-75:35
12        android:glEsVersion="0x00020000"
12-->src\main\AndroidManifest.xml:74:9-41
13        android:required="true" />
13-->src\main\AndroidManifest.xml:75:9-32
14    <uses-feature android:name="android.hardware.screen.portrait" />
14-->src\main\AndroidManifest.xml:77:5-69
14-->src\main\AndroidManifest.xml:77:19-66
15
16    <uses-permission android:name="android.permission.ACCESS_FINE_LOCATION" />
16-->src\main\AndroidManifest.xml:78:5-79
16-->src\main\AndroidManifest.xml:78:22-76
17    <uses-permission android:name="android.permission.ACCESS_COARSE_LOCATION" />
17-->src\main\AndroidManifest.xml:79:5-81
17-->src\main\AndroidManifest.xml:79:22-78
18    <uses-permission android:name="android.permission.ACCESS_BACKGROUND_LOCATION" />
18-->src\main\AndroidManifest.xml:80:5-85
18-->src\main\AndroidManifest.xml:80:22-82
19    <uses-permission android:name="android.permission.CALL_PHONE" />
19-->src\main\AndroidManifest.xml:81:5-69
19-->src\main\AndroidManifest.xml:81:22-66
20    <uses-permission android:name="android.permission.INTERNET" />
20-->src\main\AndroidManifest.xml:82:5-67
20-->src\main\AndroidManifest.xml:82:22-64
21    <uses-permission android:name="android.permission.READ_EXTERNAL_STORAGE" />
21-->src\main\AndroidManifest.xml:83:5-80
21-->src\main\AndroidManifest.xml:83:22-77
22    <uses-permission android:name="android.permission.VIBRATE" />
22-->src\main\AndroidManifest.xml:85:5-66
22-->src\main\AndroidManifest.xml:85:22-63
23    <uses-permission android:name="android.permission.ACCESS_WIFI_STATE" /> <!-- Although the *SdkVersion is captured in gradle build files, this is required for non gradle builds -->
23-->[com.github.rtchagas:pingplacepicker:1.1.2] AndroidManifest.xml:17:5-76
23-->[com.github.rtchagas:pingplacepicker:1.1.2] AndroidManifest.xml:17:22-73
24    <!-- <uses-sdk android:minSdkVersion="14"/> -->
25    <uses-permission android:name="android.permission.ACCESS_NETWORK_STATE" /> <!-- Create a unique permission for your app and use it so only your app can receive your OneSignal messages. -->
25-->[com.google.firebase:firebase-database:19.3.1] AndroidManifest.xml:25:5-79
25-->[com.google.firebase:firebase-database:19.3.1] AndroidManifest.xml:25:22-76
26    <permission
26-->[com.onesignal:OneSignal:3.9.1] AndroidManifest.xml:8:5-10:47
27        android:name="com.shree.app.permission.C2D_MESSAGE"
27-->[com.onesignal:OneSignal:3.9.1] AndroidManifest.xml:9:9-63
28        android:protectionLevel="signature" />
28-->[com.onesignal:OneSignal:3.9.1] AndroidManifest.xml:10:9-44
29
30    <uses-permission android:name="com.shree.app.permission.C2D_MESSAGE" />
30-->[com.onesignal:OneSignal:3.9.1] AndroidManifest.xml:12:5-79
30-->[com.onesignal:OneSignal:3.9.1] AndroidManifest.xml:12:22-76
31    <uses-permission android:name="com.google.android.c2dm.permission.RECEIVE" /> <!-- Required, makes sure notifications are delivered on time. -->
31-->[com.onesignal:OneSignal:3.9.1] AndroidManifest.xml:18:5-82
31-->[com.onesignal:OneSignal:3.9.1] AndroidManifest.xml:18:22-79
32    <uses-permission android:name="android.permission.WAKE_LOCK" />
32-->[com.onesignal:OneSignal:3.9.1] AndroidManifest.xml:19:5-68
32-->[com.onesignal:OneSignal:3.9.1] AndroidManifest.xml:19:22-65
33    <!--
34 Use to restore notifications the user hasn't interacted with.
35         They could be missed notifications if the user reboots their device if this isn't in place.
36    -->
37    <uses-permission android:name="android.permission.RECEIVE_BOOT_COMPLETED" /> <!-- START: ShortcutBadger -->
37-->[com.onesignal:OneSignal:3.9.1] AndroidManifest.xml:30:5-81
37-->[com.onesignal:OneSignal:3.9.1] AndroidManifest.xml:30:22-78
38    <!-- Samsung -->
39    <uses-permission android:name="com.sec.android.provider.badge.permission.READ" />
39-->[com.onesignal:OneSignal:3.9.1] AndroidManifest.xml:32:5-86
39-->[com.onesignal:OneSignal:3.9.1] AndroidManifest.xml:32:22-83
40    <uses-permission android:name="com.sec.android.provider.badge.permission.WRITE" /> <!-- HTC -->
40-->[com.onesignal:OneSignal:3.9.1] AndroidManifest.xml:33:5-87
40-->[com.onesignal:OneSignal:3.9.1] AndroidManifest.xml:33:22-84
41    <uses-permission android:name="com.htc.launcher.permission.READ_SETTINGS" />
41-->[com.onesignal:OneSignal:3.9.1] AndroidManifest.xml:34:5-81
41-->[com.onesignal:OneSignal:3.9.1] AndroidManifest.xml:34:22-78
42    <uses-permission android:name="com.htc.launcher.permission.UPDATE_SHORTCUT" /> <!-- Sony -->
42-->[com.onesignal:OneSignal:3.9.1] AndroidManifest.xml:35:5-83
42-->[com.onesignal:OneSignal:3.9.1] AndroidManifest.xml:35:22-80
43    <uses-permission android:name="com.sonyericsson.home.permission.BROADCAST_BADGE" />
43-->[com.onesignal:OneSignal:3.9.1] AndroidManifest.xml:36:5-88
43-->[com.onesignal:OneSignal:3.9.1] AndroidManifest.xml:36:22-85
44    <uses-permission android:name="com.sonymobile.home.permission.PROVIDER_INSERT_BADGE" /> <!-- Apex -->
44-->[com.onesignal:OneSignal:3.9.1] AndroidManifest.xml:37:5-92
44-->[com.onesignal:OneSignal:3.9.1] AndroidManifest.xml:37:22-89
45    <uses-permission android:name="com.anddoes.launcher.permission.UPDATE_COUNT" /> <!-- Solid -->
45-->[com.onesignal:OneSignal:3.9.1] AndroidManifest.xml:38:5-84
45-->[com.onesignal:OneSignal:3.9.1] AndroidManifest.xml:38:22-81
46    <uses-permission android:name="com.majeur.launcher.permission.UPDATE_BADGE" /> <!-- Huawei -->
46-->[com.onesignal:OneSignal:3.9.1] AndroidManifest.xml:39:5-83
46-->[com.onesignal:OneSignal:3.9.1] AndroidManifest.xml:39:22-80
47    <uses-permission android:name="com.huawei.android.launcher.permission.CHANGE_BADGE" />
47-->[com.onesignal:OneSignal:3.9.1] AndroidManifest.xml:40:5-91
47-->[com.onesignal:OneSignal:3.9.1] AndroidManifest.xml:40:22-88
48    <uses-permission android:name="com.huawei.android.launcher.permission.READ_SETTINGS" />
48-->[com.onesignal:OneSignal:3.9.1] AndroidManifest.xml:41:5-92
48-->[com.onesignal:OneSignal:3.9.1] AndroidManifest.xml:41:22-89
49    <uses-permission android:name="com.huawei.android.launcher.permission.WRITE_SETTINGS" /> <!-- ZUK -->
49-->[com.onesignal:OneSignal:3.9.1] AndroidManifest.xml:42:5-93
49-->[com.onesignal:OneSignal:3.9.1] AndroidManifest.xml:42:22-90
50    <uses-permission android:name="android.permission.READ_APP_BADGE" /> <!-- OPPO -->
50-->[com.onesignal:OneSignal:3.9.1] AndroidManifest.xml:43:5-73
50-->[com.onesignal:OneSignal:3.9.1] AndroidManifest.xml:43:22-70
51    <uses-permission android:name="com.oppo.launcher.permission.READ_SETTINGS" />
51-->[com.onesignal:OneSignal:3.9.1] AndroidManifest.xml:44:5-82
51-->[com.onesignal:OneSignal:3.9.1] AndroidManifest.xml:44:22-79
52    <uses-permission android:name="com.oppo.launcher.permission.WRITE_SETTINGS" /> <!-- EvMe -->
52-->[com.onesignal:OneSignal:3.9.1] AndroidManifest.xml:45:5-83
52-->[com.onesignal:OneSignal:3.9.1] AndroidManifest.xml:45:22-80
53    <uses-permission android:name="me.everything.badger.permission.BADGE_COUNT_READ" />
53-->[com.onesignal:OneSignal:3.9.1] AndroidManifest.xml:46:5-88
53-->[com.onesignal:OneSignal:3.9.1] AndroidManifest.xml:46:22-85
54    <uses-permission android:name="me.everything.badger.permission.BADGE_COUNT_WRITE" />
54-->[com.onesignal:OneSignal:3.9.1] AndroidManifest.xml:47:5-89
54-->[com.onesignal:OneSignal:3.9.1] AndroidManifest.xml:47:22-86
55    <uses-permission android:name="com.google.android.finsky.permission.BIND_GET_INSTALL_REFERRER_SERVICE" />
55-->[com.google.android.gms:play-services-measurement:18.0.0] AndroidManifest.xml:26:5-110
55-->[com.google.android.gms:play-services-measurement:18.0.0] AndroidManifest.xml:26:22-107
56    <uses-permission android:name="android.permission.CAMERA" />
56-->[io.card:android-sdk:5.5.1] AndroidManifest.xml:9:5-65
56-->[io.card:android-sdk:5.5.1] AndroidManifest.xml:9:22-62
57
58    <uses-feature
58-->[io.card:android-sdk:5.5.1] AndroidManifest.xml:12:5-14:36
59        android:name="android.hardware.camera"
59-->[io.card:android-sdk:5.5.1] AndroidManifest.xml:13:9-47
60        android:required="false" />
60-->[io.card:android-sdk:5.5.1] AndroidManifest.xml:14:9-33
61    <uses-feature
61-->[io.card:android-sdk:5.5.1] AndroidManifest.xml:15:5-17:36
62        android:name="android.hardware.camera.autofocus"
62-->[io.card:android-sdk:5.5.1] AndroidManifest.xml:16:9-57
63        android:required="false" />
63-->[io.card:android-sdk:5.5.1] AndroidManifest.xml:17:9-33
64
65    <application
65-->src\main\AndroidManifest.xml:6:5-72:19
66        android:appComponentFactory="androidx.core.app.CoreComponentFactory"
66-->[androidx.core:core:1.2.0] AndroidManifest.xml:24:18-86
67        android:icon="@mipmap/ic_newblue_logo"
67-->src\main\AndroidManifest.xml:7:9-47
68        android:label="@string/app_name"
68-->src\main\AndroidManifest.xml:8:9-41
69        android:roundIcon="@mipmap/ic_newblue_logo"
69-->src\main\AndroidManifest.xml:9:9-52
70        android:supportsRtl="true"
70-->[com.facebook.android:facebook-login:5.13.0] AndroidManifest.xml:28:18-44
71        android:theme="@style/AppTheme.NoActionBar" >
71-->src\main\AndroidManifest.xml:10:9-52
72        <activity android:name="com.shree.app.Login.PhoneAuthActivity" />
72-->src\main\AndroidManifest.xml:12:9-70
72-->src\main\AndroidManifest.xml:12:19-58
73        <!--
74             The API key for Google Maps-based APIs is defined as a string resource.
75             (See the file "res/values/google_maps_api.xml").
76             Note that the API key is linked to the encryption key used to sign the APK.
77             You need a different API key for each encryption key, including the release key that is used to
78             sign the APK for publishing.
79             You can define the keys for the debug and release targets in src/debug/ and src/release/.
80        -->
81        <activity
81-->src\main\AndroidManifest.xml:21:9-23:59
82            android:name="com.shree.app.Customer.MapsActivity"
82-->src\main\AndroidManifest.xml:22:13-50
83            android:label="@string/title_activity_maps" />
83-->src\main\AndroidManifest.xml:23:13-56
84        <activity android:name="com.shree.app.Customer.QueryActivity" />
84-->src\main\AndroidManifest.xml:24:9-60
84-->src\main\AndroidManifest.xml:24:19-57
85        <activity android:name="com.shree.app.Payment.PaymentActivity" />
85-->src\main\AndroidManifest.xml:25:9-61
85-->src\main\AndroidManifest.xml:25:19-58
86        <!--
87             The API key for Google Maps-based APIs is defined as a string resource.
88             (See the file "res/values/google_maps_api.xml").
89             Note that the API key is linked to the encryption key used to sign the APK.
90             You need a different API key for each encryption key, including the release key that is used to
91             sign the APK for publishing.
92             You can define the keys for the debug and release targets in src/debug/ and src/release/.
93        -->
94        <!-- <meta-data android:name="com.google.android.maps.v2.API_KEY" android:value="@string/google_api_key" /> -->
95        <activity android:name="com.shree.app.Payment.AddPaymentActivity" />
95-->src\main\AndroidManifest.xml:35:9-64
95-->src\main\AndroidManifest.xml:35:19-61
96        <activity android:name="com.shree.app.Login.DetailsActivity" />
96-->src\main\AndroidManifest.xml:36:9-59
96-->src\main\AndroidManifest.xml:36:19-56
97        <activity
97-->src\main\AndroidManifest.xml:37:9-45:20
98            android:name="com.shree.app.Login.SplashscreenActivity"
98-->src\main\AndroidManifest.xml:38:13-55
99            android:screenOrientation="portrait" >
99-->src\main\AndroidManifest.xml:39:13-49
100            <intent-filter>
100-->src\main\AndroidManifest.xml:40:13-44:29
101                <action android:name="android.intent.action.MAIN" />
101-->src\main\AndroidManifest.xml:41:17-69
101-->src\main\AndroidManifest.xml:41:25-66
102
103                <category android:name="android.intent.category.LAUNCHER" />
103-->src\main\AndroidManifest.xml:43:17-77
103-->src\main\AndroidManifest.xml:43:27-74
104            </intent-filter>
105        </activity>
106        <activity
106-->src\main\AndroidManifest.xml:46:9-48:52
107            android:name="com.shree.app.Login.LauncherActivity"
107-->src\main\AndroidManifest.xml:47:13-51
108            android:screenOrientation="portrait" />
108-->src\main\AndroidManifest.xml:48:13-49
109        <activity
109-->src\main\AndroidManifest.xml:49:9-51:52
110            android:name="com.shree.app.Login.AuthenticationActivity"
110-->src\main\AndroidManifest.xml:50:13-57
111            android:screenOrientation="portrait" />
111-->src\main\AndroidManifest.xml:51:13-49
112        <activity
112-->src\main\AndroidManifest.xml:52:9-54:52
113            android:name="com.shree.app.Customer.CustomerSettingsActivity"
113-->src\main\AndroidManifest.xml:53:13-62
114            android:screenOrientation="portrait" />
114-->src\main\AndroidManifest.xml:54:13-49
115        <activity
115-->src\main\AndroidManifest.xml:55:9-57:52
116            android:name="com.shree.app.History.HistoryActivity"
116-->src\main\AndroidManifest.xml:56:13-52
117            android:screenOrientation="portrait" />
117-->src\main\AndroidManifest.xml:57:13-49
118        <activity
118-->src\main\AndroidManifest.xml:58:9-60:52
119            android:name="com.shree.app.History.HistorySingleActivity"
119-->src\main\AndroidManifest.xml:59:13-58
120            android:screenOrientation="portrait" />
120-->src\main\AndroidManifest.xml:60:13-49
121
122        <meta-data
122-->src\main\AndroidManifest.xml:62:9-64:55
123            android:name="com.google.android.geo.API_KEY"
123-->src\main\AndroidManifest.xml:63:13-58
124            android:value="@string/google_maps_key" />
124-->src\main\AndroidManifest.xml:64:13-52
125
126        <service android:name="com.shree.app.Utils.onAppKilled" />
126-->src\main\AndroidManifest.xml:66:9-54
126-->src\main\AndroidManifest.xml:66:18-51
127
128        <uses-library
128-->src\main\AndroidManifest.xml:68:9-70:40
129            android:name="org.apache.http.legacy"
129-->src\main\AndroidManifest.xml:69:13-50
130            android:required="false" />
130-->src\main\AndroidManifest.xml:70:13-37
131        <uses-library android:name="com.google.android.maps" />
131-->src\main\AndroidManifest.xml:71:9-64
131-->src\main\AndroidManifest.xml:71:23-61
132
133        <activity
133-->[com.github.rtchagas:pingplacepicker:1.1.2] AndroidManifest.xml:20:9-23:57
134            android:name="com.rtchagas.pingplacepicker.ui.PlacePickerActivity"
134-->[com.github.rtchagas:pingplacepicker:1.1.2] AndroidManifest.xml:21:13-79
135            android:launchMode="singleTop"
135-->[com.github.rtchagas:pingplacepicker:1.1.2] AndroidManifest.xml:22:13-43
136            android:theme="@style/PingTheme.NoStatus" />
136-->[com.github.rtchagas:pingplacepicker:1.1.2] AndroidManifest.xml:23:13-54
137
138        <meta-data
138-->[com.github.rtchagas:pingplacepicker:1.1.2] AndroidManifest.xml:29:9-31:69
139            android:name="com.google.android.gms.version"
139-->[com.github.rtchagas:pingplacepicker:1.1.2] AndroidManifest.xml:30:13-58
140            android:value="@integer/google_play_services_version" />
140-->[com.github.rtchagas:pingplacepicker:1.1.2] AndroidManifest.xml:31:13-66
141
142        <activity
142-->[com.stripe:stripe-android:13.1.3] AndroidManifest.xml:12:9-14:57
143            android:name="com.stripe.android.view.AddPaymentMethodActivity"
143-->[com.stripe:stripe-android:13.1.3] AndroidManifest.xml:13:13-76
144            android:theme="@style/StripeDefaultTheme" />
144-->[com.stripe:stripe-android:13.1.3] AndroidManifest.xml:14:13-54
145        <activity
145-->[com.stripe:stripe-android:13.1.3] AndroidManifest.xml:15:9-17:57
146            android:name="com.stripe.android.view.PaymentMethodsActivity"
146-->[com.stripe:stripe-android:13.1.3] AndroidManifest.xml:16:13-74
147            android:theme="@style/StripeDefaultTheme" />
147-->[com.stripe:stripe-android:13.1.3] AndroidManifest.xml:17:13-54
148        <activity
148-->[com.stripe:stripe-android:13.1.3] AndroidManifest.xml:18:9-20:57
149            android:name="com.stripe.android.view.PaymentFlowActivity"
149-->[com.stripe:stripe-android:13.1.3] AndroidManifest.xml:19:13-71
150            android:theme="@style/StripeDefaultTheme" />
150-->[com.stripe:stripe-android:13.1.3] AndroidManifest.xml:20:13-54
151        <activity
151-->[com.stripe:stripe-android:13.1.3] AndroidManifest.xml:21:9-23:57
152            android:name="com.stripe.android.view.PaymentAuthWebViewActivity"
152-->[com.stripe:stripe-android:13.1.3] AndroidManifest.xml:22:13-78
153            android:theme="@style/StripeDefaultTheme" />
153-->[com.stripe:stripe-android:13.1.3] AndroidManifest.xml:23:13-54
154        <activity
154-->[com.stripe:stripe-android:13.1.3] AndroidManifest.xml:24:9-26:57
155            android:name="com.stripe.android.view.PaymentRelayActivity"
155-->[com.stripe:stripe-android:13.1.3] AndroidManifest.xml:25:13-72
156            android:theme="@style/StripeDefaultTheme" />
156-->[com.stripe:stripe-android:13.1.3] AndroidManifest.xml:26:13-54
157        <activity
157-->[com.stripe:stripe-3ds2-android:2.2.7] AndroidManifest.xml:12:9-14:54
158            android:name="com.stripe.android.stripe3ds2.views.ChallengeActivity"
158-->[com.stripe:stripe-3ds2-android:2.2.7] AndroidManifest.xml:13:13-81
159            android:theme="@style/Stripe3DS2Theme" />
159-->[com.stripe:stripe-3ds2-android:2.2.7] AndroidManifest.xml:14:13-51
160        <activity
160-->[com.stripe:stripe-3ds2-android:2.2.7] AndroidManifest.xml:15:9-17:54
161            android:name="com.stripe.android.stripe3ds2.views.ChallengeProgressDialogActivity"
161-->[com.stripe:stripe-3ds2-android:2.2.7] AndroidManifest.xml:16:13-95
162            android:theme="@style/Stripe3DS2Theme" />
162-->[com.stripe:stripe-3ds2-android:2.2.7] AndroidManifest.xml:17:13-51
163        <activity
163-->[com.karumi:dexter:5.0.0] AndroidManifest.xml:27:9-29:72
164            android:name="com.karumi.dexter.DexterActivity"
164-->[com.karumi:dexter:5.0.0] AndroidManifest.xml:28:13-60
165            android:theme="@style/Dexter.Internal.Theme.Transparent" />
165-->[com.karumi:dexter:5.0.0] AndroidManifest.xml:29:13-69
166        <activity
166-->[com.google.android.libraries.places:places:2.3.0] AndroidManifest.xml:14:9-20:20
167            android:name="com.google.android.libraries.places.widget.AutocompleteActivity"
167-->[com.google.android.libraries.places:places:2.3.0] AndroidManifest.xml:15:13-91
168            android:exported="false"
168-->[com.google.android.libraries.places:places:2.3.0] AndroidManifest.xml:16:13-37
169            android:label="@string/places_autocomplete_label"
169-->[com.google.android.libraries.places:places:2.3.0] AndroidManifest.xml:17:13-62
170            android:theme="@style/PlacesAutocompleteOverlay"
170-->[com.google.android.libraries.places:places:2.3.0] AndroidManifest.xml:18:13-61
171            android:windowSoftInputMode="adjustResize" >
171-->[com.google.android.libraries.places:places:2.3.0] AndroidManifest.xml:19:13-55
172        </activity>
173        <activity
173-->[com.facebook.android:facebook-common:5.13.0] AndroidManifest.xml:29:9-32:66
174            android:name="com.facebook.FacebookActivity"
174-->[com.facebook.android:facebook-common:5.13.0] AndroidManifest.xml:30:13-57
175            android:configChanges="keyboard|keyboardHidden|screenLayout|screenSize|orientation"
175-->[com.facebook.android:facebook-common:5.13.0] AndroidManifest.xml:31:13-96
176            android:theme="@style/com_facebook_activity_theme" />
176-->[com.facebook.android:facebook-common:5.13.0] AndroidManifest.xml:32:13-63
177        <activity android:name="com.facebook.CustomTabMainActivity" />
177-->[com.facebook.android:facebook-common:5.13.0] AndroidManifest.xml:33:9-71
177-->[com.facebook.android:facebook-common:5.13.0] AndroidManifest.xml:33:19-68
178        <activity android:name="com.facebook.CustomTabActivity" />
178-->[com.facebook.android:facebook-common:5.13.0] AndroidManifest.xml:34:9-67
178-->[com.facebook.android:facebook-common:5.13.0] AndroidManifest.xml:34:19-64
179
180        <service
180-->[com.google.firebase:firebase-database:19.3.1] AndroidManifest.xml:29:9-35:19
181            android:name="com.google.firebase.components.ComponentDiscoveryService"
181-->[com.google.firebase:firebase-database:19.3.1] AndroidManifest.xml:30:13-84
182            android:directBootAware="true"
182-->[com.google.firebase:firebase-common:19.3.1] AndroidManifest.xml:35:13-43
183            android:exported="false" >
183-->[com.google.firebase:firebase-database:19.3.1] AndroidManifest.xml:31:13-37
184            <meta-data
184-->[com.google.firebase:firebase-database:19.3.1] AndroidManifest.xml:32:13-34:85
185                android:name="com.google.firebase.components:com.google.firebase.database.DatabaseRegistrar"
185-->[com.google.firebase:firebase-database:19.3.1] AndroidManifest.xml:33:17-109
186                android:value="com.google.firebase.components.ComponentRegistrar" />
186-->[com.google.firebase:firebase-database:19.3.1] AndroidManifest.xml:34:17-82
187            <meta-data
187-->[com.google.firebase:firebase-auth:19.3.2] AndroidManifest.xml:36:13-38:85
188                android:name="com.google.firebase.components:com.google.firebase.auth.FirebaseAuthRegistrar"
188-->[com.google.firebase:firebase-auth:19.3.2] AndroidManifest.xml:37:17-109
189                android:value="com.google.firebase.components.ComponentRegistrar" />
189-->[com.google.firebase:firebase-auth:19.3.2] AndroidManifest.xml:38:17-82
190            <meta-data
190-->[com.google.firebase:firebase-storage:19.1.1] AndroidManifest.xml:33:13-35:85
191                android:name="com.google.firebase.components:com.google.firebase.storage.StorageRegistrar"
191-->[com.google.firebase:firebase-storage:19.1.1] AndroidManifest.xml:34:17-107
192                android:value="com.google.firebase.components.ComponentRegistrar" />
192-->[com.google.firebase:firebase-storage:19.1.1] AndroidManifest.xml:35:17-82
193            <meta-data
193-->[com.google.firebase:firebase-crashlytics:17.2.2] AndroidManifest.xml:16:13-18:85
194                android:name="com.google.firebase.components:com.google.firebase.crashlytics.CrashlyticsRegistrar"
194-->[com.google.firebase:firebase-crashlytics:17.2.2] AndroidManifest.xml:17:17-115
195                android:value="com.google.firebase.components.ComponentRegistrar" />
195-->[com.google.firebase:firebase-crashlytics:17.2.2] AndroidManifest.xml:18:17-82
196            <meta-data
196-->[com.google.firebase:firebase-iid:17.0.3] AndroidManifest.xml:32:13-34:85
197                android:name="com.google.firebase.components:com.google.firebase.iid.Registrar"
197-->[com.google.firebase:firebase-iid:17.0.3] AndroidManifest.xml:33:17-96
198                android:value="com.google.firebase.components.ComponentRegistrar" />
198-->[com.google.firebase:firebase-iid:17.0.3] AndroidManifest.xml:34:17-82
199            <meta-data
199-->[com.google.android.gms:play-services-measurement-api:18.0.0] AndroidManifest.xml:30:13-32:85
200                android:name="com.google.firebase.components:com.google.firebase.analytics.connector.internal.AnalyticsConnectorRegistrar"
200-->[com.google.android.gms:play-services-measurement-api:18.0.0] AndroidManifest.xml:31:17-139
201                android:value="com.google.firebase.components.ComponentRegistrar" />
201-->[com.google.android.gms:play-services-measurement-api:18.0.0] AndroidManifest.xml:32:17-82
202            <meta-data
202-->[com.google.firebase:firebase-installations:16.3.3] AndroidManifest.xml:17:13-19:85
203                android:name="com.google.firebase.components:com.google.firebase.installations.FirebaseInstallationsRegistrar"
203-->[com.google.firebase:firebase-installations:16.3.3] AndroidManifest.xml:18:17-127
204                android:value="com.google.firebase.components.ComponentRegistrar" />
204-->[com.google.firebase:firebase-installations:16.3.3] AndroidManifest.xml:19:17-82
205        </service>
206
207        <activity
207-->[com.google.firebase:firebase-auth:19.3.2] AndroidManifest.xml:24:9-31:50
208            android:name="com.google.firebase.auth.internal.FederatedSignInActivity"
208-->[com.google.firebase:firebase-auth:19.3.2] AndroidManifest.xml:25:13-85
209            android:excludeFromRecents="true"
209-->[com.google.firebase:firebase-auth:19.3.2] AndroidManifest.xml:26:13-46
210            android:exported="true"
210-->[com.google.firebase:firebase-auth:19.3.2] AndroidManifest.xml:27:13-36
211            android:launchMode="singleTask"
211-->[com.google.firebase:firebase-auth:19.3.2] AndroidManifest.xml:28:13-44
212            android:permission="com.google.firebase.auth.api.gms.permission.LAUNCH_FEDERATED_SIGN_IN"
212-->[com.google.firebase:firebase-auth:19.3.2] AndroidManifest.xml:29:13-102
213            android:theme="@android:style/Theme.Translucent.NoTitleBar" />
213-->[com.google.firebase:firebase-auth:19.3.2] AndroidManifest.xml:30:13-72
214
215        <meta-data
215-->[com.onesignal:OneSignal:3.9.1] AndroidManifest.xml:50:9-52:51
216            android:name="onesignal_app_id"
216-->[com.onesignal:OneSignal:3.9.1] AndroidManifest.xml:51:13-44
217            android:value="d5e95a8e-b1d5-4de8-8bbe-2e37353282cd" /> <!-- Deprecated - Pulled from OneSignal dashboard. -->
217-->[com.onesignal:OneSignal:3.9.1] AndroidManifest.xml:52:13-48
218        <meta-data
218-->[com.onesignal:OneSignal:3.9.1] AndroidManifest.xml:54:9-56:70
219            android:name="onesignal_google_project_number"
219-->[com.onesignal:OneSignal:3.9.1] AndroidManifest.xml:55:13-59
220            android:value="str:REMOTE" />
220-->[com.onesignal:OneSignal:3.9.1] AndroidManifest.xml:56:13-67
221
222        <receiver
222-->[com.onesignal:OneSignal:3.9.1] AndroidManifest.xml:58:9-68:20
223            android:name="com.onesignal.GcmBroadcastReceiver"
223-->[com.onesignal:OneSignal:3.9.1] AndroidManifest.xml:59:13-62
224            android:permission="com.google.android.c2dm.permission.SEND" >
224-->[com.onesignal:OneSignal:3.9.1] AndroidManifest.xml:60:13-73
225
226            <!-- High priority so OneSignal payloads can be filtered from other GCM receivers if filterOtherGCMReceivers is enabled. -->
227            <intent-filter android:priority="999" >
227-->[com.onesignal:OneSignal:3.9.1] AndroidManifest.xml:63:13-67:29
227-->[com.onesignal:OneSignal:3.9.1] AndroidManifest.xml:63:28-50
228                <action android:name="com.google.android.c2dm.intent.RECEIVE" />
228-->[com.onesignal:OneSignal:3.9.1] AndroidManifest.xml:64:17-81
228-->[com.onesignal:OneSignal:3.9.1] AndroidManifest.xml:64:25-78
229
230                <category android:name="com.shree.app" />
230-->[com.onesignal:OneSignal:3.9.1] AndroidManifest.xml:66:17-61
230-->[com.onesignal:OneSignal:3.9.1] AndroidManifest.xml:66:27-58
231            </intent-filter>
232        </receiver>
233        <receiver android:name="com.onesignal.NotificationOpenedReceiver" />
233-->[com.onesignal:OneSignal:3.9.1] AndroidManifest.xml:69:9-77
233-->[com.onesignal:OneSignal:3.9.1] AndroidManifest.xml:69:19-74
234
235        <service android:name="com.onesignal.GcmIntentService" />
235-->[com.onesignal:OneSignal:3.9.1] AndroidManifest.xml:71:9-66
235-->[com.onesignal:OneSignal:3.9.1] AndroidManifest.xml:71:18-63
236        <service
236-->[com.onesignal:OneSignal:3.9.1] AndroidManifest.xml:72:9-74:72
237            android:name="com.onesignal.GcmIntentJobService"
237-->[com.onesignal:OneSignal:3.9.1] AndroidManifest.xml:73:13-61
238            android:permission="android.permission.BIND_JOB_SERVICE" />
238-->[com.onesignal:OneSignal:3.9.1] AndroidManifest.xml:74:13-69
239        <service
239-->[com.onesignal:OneSignal:3.9.1] AndroidManifest.xml:75:9-77:72
240            android:name="com.onesignal.RestoreJobService"
240-->[com.onesignal:OneSignal:3.9.1] AndroidManifest.xml:76:13-59
241            android:permission="android.permission.BIND_JOB_SERVICE" />
241-->[com.onesignal:OneSignal:3.9.1] AndroidManifest.xml:77:13-69
242        <service
242-->[com.onesignal:OneSignal:3.9.1] AndroidManifest.xml:78:9-80:72
243            android:name="com.onesignal.RestoreKickoffJobService"
243-->[com.onesignal:OneSignal:3.9.1] AndroidManifest.xml:79:13-66
244            android:permission="android.permission.BIND_JOB_SERVICE" />
244-->[com.onesignal:OneSignal:3.9.1] AndroidManifest.xml:80:13-69
245        <service
245-->[com.onesignal:OneSignal:3.9.1] AndroidManifest.xml:81:9-83:43
246            android:name="com.onesignal.SyncService"
246-->[com.onesignal:OneSignal:3.9.1] AndroidManifest.xml:82:13-53
247            android:stopWithTask="true" />
247-->[com.onesignal:OneSignal:3.9.1] AndroidManifest.xml:83:13-40
248        <service
248-->[com.onesignal:OneSignal:3.9.1] AndroidManifest.xml:84:9-86:72
249            android:name="com.onesignal.SyncJobService"
249-->[com.onesignal:OneSignal:3.9.1] AndroidManifest.xml:85:13-56
250            android:permission="android.permission.BIND_JOB_SERVICE" />
250-->[com.onesignal:OneSignal:3.9.1] AndroidManifest.xml:86:13-69
251
252        <activity
252-->[com.onesignal:OneSignal:3.9.1] AndroidManifest.xml:88:9-90:75
253            android:name="com.onesignal.PermissionsActivity"
253-->[com.onesignal:OneSignal:3.9.1] AndroidManifest.xml:89:13-61
254            android:theme="@android:style/Theme.Translucent.NoTitleBar" />